
 _   _                _     _     _ _   
| | | | ___  __ _  __| |___| |__ (_) |_ 
| |_| |/ _ \/ _` |/ _` / __| '_ \| | __|
|  _  |  __/ (_| | (_| \__ \ | | | | |_ 
|_| |_|\___|\__,_|\__,_|___/_| |_|_|\__|

🧬 Heartbit analisa dados de saúde cardiovascular para revelar padrões
    e prever riscos com inteligência e precisão


[1;34m================================================================================
        Detectando Sistema Operacional...
================================================================================[0m
Sistema detectado: arch

[1;34m================================================================================
        Verificando o Python...
================================================================================[0m
Python já instalado.

[1;34m================================================================================
        Criando ambiente virtual...
================================================================================[0m
Ambiente virtual criado.
[1;32m[PASSO] Atualizando pip...[0m
Requirement already satisfied: pip in ./venv/lib/python3.13/site-packages (24.3.1)
Collecting pip
  Using cached pip-25.0.1-py3-none-any.whl.metadata (3.7 kB)
Using cached pip-25.0.1-py3-none-any.whl (1.8 MB)
Installing collected packages: pip
  Attempting uninstall: pip
    Found existing installation: pip 24.3.1
    Uninstalling pip-24.3.1:
      Successfully uninstalled pip-24.3.1
Successfully installed pip-25.0.1

[1;34m================================================================================
        Instalando dependências do projeto...
================================================================================[0m
Collecting cloudpickle==3.1.1
  Using cached cloudpickle-3.1.1-py3-none-any.whl.metadata (7.1 kB)
Collecting contourpy==1.3.2
  Using cached contourpy-1.3.2-cp313-cp313-manylinux_2_17_x86_64.manylinux2014_x86_64.whl.metadata (5.5 kB)
Collecting cycler==0.12.1
  Using cached cycler-0.12.1-py3-none-any.whl.metadata (3.8 kB)
Collecting fonttools==4.57.0
  Using cached fonttools-4.57.0-cp313-cp313-manylinux_2_5_x86_64.manylinux1_x86_64.manylinux_2_17_x86_64.manylinux2014_x86_64.whl.metadata (102 kB)
Collecting joblib==1.4.2
  Using cached joblib-1.4.2-py3-none-any.whl.metadata (5.4 kB)
Collecting kiwisolver==1.4.8
  Using cached kiwisolver-1.4.8-cp313-cp313-manylinux_2_17_x86_64.manylinux2014_x86_64.whl.metadata (6.2 kB)
Collecting llvmlite==0.44.0
  Using cached llvmlite-0.44.0-cp313-cp313-manylinux_2_17_x86_64.manylinux2014_x86_64.whl.metadata (5.0 kB)
Collecting matplotlib==3.10.1
  Using cached matplotlib-3.10.1-cp313-cp313-manylinux_2_17_x86_64.manylinux2014_x86_64.whl.metadata (11 kB)
Collecting narwhals==1.36.0
  Using cached narwhals-1.36.0-py3-none-any.whl.metadata (9.2 kB)
Collecting numba==0.61.2
  Using cached numba-0.61.2-cp313-cp313-manylinux2014_x86_64.manylinux_2_17_x86_64.whl.metadata (2.8 kB)
Collecting numpy==2.2.5
  Using cached numpy-2.2.5-cp313-cp313-manylinux_2_17_x86_64.manylinux2014_x86_64.whl.metadata (62 kB)
Collecting packaging==25.0
  Using cached packaging-25.0-py3-none-any.whl.metadata (3.3 kB)
Collecting pandas==2.2.3
  Using cached pandas-2.2.3-cp313-cp313-manylinux_2_17_x86_64.manylinux2014_x86_64.whl.metadata (89 kB)
Collecting pillow==11.2.1
  Using cached pillow-11.2.1-cp313-cp313-manylinux_2_28_x86_64.whl.metadata (8.9 kB)
Collecting plotly==6.0.1
  Using cached plotly-6.0.1-py3-none-any.whl.metadata (6.7 kB)
Collecting pyparsing==3.2.3
  Using cached pyparsing-3.2.3-py3-none-any.whl.metadata (5.0 kB)
Collecting python-dateutil==2.9.0.post0
  Using cached python_dateutil-2.9.0.post0-py2.py3-none-any.whl.metadata (8.4 kB)
Collecting pytz==2025.2
  Using cached pytz-2025.2-py2.py3-none-any.whl.metadata (22 kB)
Collecting scikit-learn==1.6.1
  Using cached scikit_learn-1.6.1-cp313-cp313-manylinux_2_17_x86_64.manylinux2014_x86_64.whl.metadata (18 kB)
Collecting scipy==1.15.2
  Using cached scipy-1.15.2-cp313-cp313-manylinux_2_17_x86_64.manylinux2014_x86_64.whl.metadata (61 kB)
Collecting seaborn==0.13.2
  Using cached seaborn-0.13.2-py3-none-any.whl.metadata (5.4 kB)
Collecting shap==0.47.2
  Using cached shap-0.47.2-cp313-cp313-linux_x86_64.whl
Collecting six==1.17.0
  Using cached six-1.17.0-py2.py3-none-any.whl.metadata (1.7 kB)
Collecting slicer==0.0.8
  Using cached slicer-0.0.8-py3-none-any.whl.metadata (4.0 kB)
Collecting threadpoolctl==3.6.0
  Using cached threadpoolctl-3.6.0-py3-none-any.whl.metadata (13 kB)
Collecting tqdm==4.67.1
  Using cached tqdm-4.67.1-py3-none-any.whl.metadata (57 kB)
Collecting typing_extensions==4.13.2
  Using cached typing_extensions-4.13.2-py3-none-any.whl.metadata (3.0 kB)
Collecting tzdata==2025.2
  Using cached tzdata-2025.2-py2.py3-none-any.whl.metadata (1.4 kB)
Using cached cloudpickle-3.1.1-py3-none-any.whl (20 kB)
Using cached contourpy-1.3.2-cp313-cp313-manylinux_2_17_x86_64.manylinux2014_x86_64.whl (322 kB)
Using cached cycler-0.12.1-py3-none-any.whl (8.3 kB)
Using cached fonttools-4.57.0-cp313-cp313-manylinux_2_5_x86_64.manylinux1_x86_64.manylinux_2_17_x86_64.manylinux2014_x86_64.whl (4.8 MB)
Using cached joblib-1.4.2-py3-none-any.whl (301 kB)
Using cached kiwisolver-1.4.8-cp313-cp313-manylinux_2_17_x86_64.manylinux2014_x86_64.whl (1.5 MB)
Using cached llvmlite-0.44.0-cp313-cp313-manylinux_2_17_x86_64.manylinux2014_x86_64.whl (42.4 MB)
Using cached matplotlib-3.10.1-cp313-cp313-manylinux_2_17_x86_64.manylinux2014_x86_64.whl (8.6 MB)
Using cached narwhals-1.36.0-py3-none-any.whl (331 kB)
Using cached numba-0.61.2-cp313-cp313-manylinux2014_x86_64.manylinux_2_17_x86_64.whl (3.9 MB)
Using cached numpy-2.2.5-cp313-cp313-manylinux_2_17_x86_64.manylinux2014_x86_64.whl (16.1 MB)
Using cached packaging-25.0-py3-none-any.whl (66 kB)
Using cached pandas-2.2.3-cp313-cp313-manylinux_2_17_x86_64.manylinux2014_x86_64.whl (12.7 MB)
Using cached pillow-11.2.1-cp313-cp313-manylinux_2_28_x86_64.whl (4.6 MB)
Using cached plotly-6.0.1-py3-none-any.whl (14.8 MB)
Using cached pyparsing-3.2.3-py3-none-any.whl (111 kB)
Using cached python_dateutil-2.9.0.post0-py2.py3-none-any.whl (229 kB)
Using cached pytz-2025.2-py2.py3-none-any.whl (509 kB)
Using cached scikit_learn-1.6.1-cp313-cp313-manylinux_2_17_x86_64.manylinux2014_x86_64.whl (13.2 MB)
Using cached scipy-1.15.2-cp313-cp313-manylinux_2_17_x86_64.manylinux2014_x86_64.whl (37.3 MB)
Using cached seaborn-0.13.2-py3-none-any.whl (294 kB)
Using cached six-1.17.0-py2.py3-none-any.whl (11 kB)
Using cached slicer-0.0.8-py3-none-any.whl (15 kB)
Using cached threadpoolctl-3.6.0-py3-none-any.whl (18 kB)
Using cached tqdm-4.67.1-py3-none-any.whl (78 kB)
Using cached typing_extensions-4.13.2-py3-none-any.whl (45 kB)
Using cached tzdata-2025.2-py2.py3-none-any.whl (347 kB)
Installing collected packages: pytz, tzdata, typing_extensions, tqdm, threadpoolctl, slicer, six, pyparsing, pillow, packaging, numpy, narwhals, llvmlite, kiwisolver, joblib, fonttools, cycler, cloudpickle, scipy, python-dateutil, plotly, numba, contourpy, scikit-learn, pandas, matplotlib, shap, seaborn
Successfully installed cloudpickle-3.1.1 contourpy-1.3.2 cycler-0.12.1 fonttools-4.57.0 joblib-1.4.2 kiwisolver-1.4.8 llvmlite-0.44.0 matplotlib-3.10.1 narwhals-1.36.0 numba-0.61.2 numpy-2.2.5 packaging-25.0 pandas-2.2.3 pillow-11.2.1 plotly-6.0.1 pyparsing-3.2.3 python-dateutil-2.9.0.post0 pytz-2025.2 scikit-learn-1.6.1 scipy-1.15.2 seaborn-0.13.2 shap-0.47.2 six-1.17.0 slicer-0.0.8 threadpoolctl-3.6.0 tqdm-4.67.1 typing_extensions-4.13.2 tzdata-2025.2

[1;34m================================================================================
        Instalando DVC e MLflow...
================================================================================[0m
Collecting mlflow
  Using cached mlflow-2.21.3-py3-none-any.whl.metadata (30 kB)
Collecting dvc[gs,s3]
  Using cached dvc-3.59.1-py3-none-any.whl.metadata (18 kB)
Collecting attrs>=22.2.0 (from dvc[gs,s3])
  Using cached attrs-25.3.0-py3-none-any.whl.metadata (10 kB)
Collecting celery (from dvc[gs,s3])
  Using cached celery-5.5.1-py3-none-any.whl.metadata (22 kB)
Collecting colorama>=0.3.9 (from dvc[gs,s3])
  Using cached colorama-0.4.6-py2.py3-none-any.whl.metadata (17 kB)
Collecting configobj>=5.0.9 (from dvc[gs,s3])
  Using cached configobj-5.0.9-py2.py3-none-any.whl.metadata (3.2 kB)
Collecting distro>=1.3 (from dvc[gs,s3])
  Using cached distro-1.9.0-py3-none-any.whl.metadata (6.8 kB)
Collecting dpath<3,>=2.1.0 (from dvc[gs,s3])
  Using cached dpath-2.2.0-py3-none-any.whl.metadata (15 kB)
Collecting dulwich (from dvc[gs,s3])
  Using cached dulwich-0.22.8-cp313-cp313-manylinux_2_17_x86_64.manylinux2014_x86_64.whl.metadata (4.9 kB)
Collecting dvc-data<3.17,>=3.16.2 (from dvc[gs,s3])
  Using cached dvc_data-3.16.9-py3-none-any.whl.metadata (5.0 kB)
Collecting dvc-http>=2.29.0 (from dvc[gs,s3])
  Using cached dvc_http-2.32.0-py3-none-any.whl.metadata (1.3 kB)
Collecting dvc-objects (from dvc[gs,s3])
  Using cached dvc_objects-5.1.0-py3-none-any.whl.metadata (3.7 kB)
Collecting dvc-render<2,>=1.0.1 (from dvc[gs,s3])
  Using cached dvc_render-1.0.2-py3-none-any.whl.metadata (5.4 kB)
Collecting dvc-studio-client<1,>=0.21 (from dvc[gs,s3])
  Using cached dvc_studio_client-0.21.0-py3-none-any.whl.metadata (4.3 kB)
Collecting dvc-task<1,>=0.3.0 (from dvc[gs,s3])
  Using cached dvc_task-0.40.2-py3-none-any.whl.metadata (10.0 kB)
Collecting flatten_dict<1,>=0.4.1 (from dvc[gs,s3])
  Using cached flatten_dict-0.4.2-py2.py3-none-any.whl.metadata (9.2 kB)
Collecting flufl.lock<9,>=8.1.0 (from dvc[gs,s3])
  Using cached flufl_lock-8.1.0-py3-none-any.whl.metadata (3.3 kB)
Collecting fsspec>=2024.2.0 (from dvc[gs,s3])
  Using cached fsspec-2025.3.2-py3-none-any.whl.metadata (11 kB)
Collecting funcy>=1.14 (from dvc[gs,s3])
  Using cached funcy-2.0-py2.py3-none-any.whl.metadata (5.9 kB)
Collecting grandalf<1,>=0.7 (from dvc[gs,s3])
  Using cached grandalf-0.8-py3-none-any.whl.metadata (1.7 kB)
Collecting gto<2,>=1.6.0 (from dvc[gs,s3])
  Using cached gto-1.7.2-py3-none-any.whl.metadata (4.7 kB)
Collecting hydra-core>=1.1 (from dvc[gs,s3])
  Using cached hydra_core-1.3.2-py3-none-any.whl.metadata (5.5 kB)
Collecting iterative-telemetry>=0.0.7 (from dvc[gs,s3])
  Using cached iterative_telemetry-0.0.10-py3-none-any.whl.metadata (4.1 kB)
Collecting kombu (from dvc[gs,s3])
  Using cached kombu-5.5.3-py3-none-any.whl.metadata (3.5 kB)
Collecting networkx>=2.5 (from dvc[gs,s3])
  Using cached networkx-3.4.2-py3-none-any.whl.metadata (6.3 kB)
Collecting omegaconf (from dvc[gs,s3])
  Using cached omegaconf-2.3.0-py3-none-any.whl.metadata (3.9 kB)
Requirement already satisfied: packaging>=19 in ./venv/lib/python3.13/site-packages (from dvc[gs,s3]) (25.0)
Collecting pathspec>=0.10.3 (from dvc[gs,s3])
  Using cached pathspec-0.12.1-py3-none-any.whl.metadata (21 kB)
Collecting platformdirs<5,>=3.1.1 (from dvc[gs,s3])
  Using cached platformdirs-4.3.7-py3-none-any.whl.metadata (11 kB)
Collecting psutil>=5.8 (from dvc[gs,s3])
  Using cached psutil-7.0.0-cp36-abi3-manylinux_2_12_x86_64.manylinux2010_x86_64.manylinux_2_17_x86_64.manylinux2014_x86_64.whl.metadata (22 kB)
Collecting pydot>=1.2.4 (from dvc[gs,s3])
  Using cached pydot-3.0.4-py3-none-any.whl.metadata (10 kB)
Collecting pygtrie>=2.3.2 (from dvc[gs,s3])
  Using cached pygtrie-2.5.0-py3-none-any.whl.metadata (7.5 kB)
Requirement already satisfied: pyparsing>=2.4.7 in ./venv/lib/python3.13/site-packages (from dvc[gs,s3]) (3.2.3)
Collecting requests>=2.22 (from dvc[gs,s3])
  Using cached requests-2.32.3-py3-none-any.whl.metadata (4.6 kB)
Collecting rich>=12 (from dvc[gs,s3])
  Using cached rich-14.0.0-py3-none-any.whl.metadata (18 kB)
Collecting ruamel.yaml>=0.17.11 (from dvc[gs,s3])
  Using cached ruamel.yaml-0.18.10-py3-none-any.whl.metadata (23 kB)
Collecting scmrepo<4,>=3.3.8 (from dvc[gs,s3])
  Using cached scmrepo-3.3.10-py3-none-any.whl.metadata (4.8 kB)
Collecting shortuuid>=0.5 (from dvc[gs,s3])
  Using cached shortuuid-1.0.13-py3-none-any.whl.metadata (5.8 kB)
Collecting shtab<2,>=1.3.4 (from dvc[gs,s3])
  Using cached shtab-1.7.2-py3-none-any.whl.metadata (7.4 kB)
Collecting tabulate>=0.8.7 (from dvc[gs,s3])
  Using cached tabulate-0.9.0-py3-none-any.whl.metadata (34 kB)
Collecting tomlkit>=0.11.1 (from dvc[gs,s3])
  Using cached tomlkit-0.13.2-py3-none-any.whl.metadata (2.7 kB)
Requirement already satisfied: tqdm<5,>=4.63.1 in ./venv/lib/python3.13/site-packages (from dvc[gs,s3]) (4.67.1)
Collecting voluptuous>=0.11.7 (from dvc[gs,s3])
  Using cached voluptuous-0.15.2-py3-none-any.whl.metadata (20 kB)
Collecting zc.lockfile>=1.2.1 (from dvc[gs,s3])
  Using cached zc.lockfile-3.0.post1-py3-none-any.whl.metadata (6.2 kB)
Collecting dvc-gs<4,>=3 (from dvc[gs,s3])
  Using cached dvc_gs-3.0.1-py3-none-any.whl.metadata (2.1 kB)
Collecting dvc-s3<4,>=3.2.0 (from dvc[gs,s3])
  Using cached dvc_s3-3.2.0-py3-none-any.whl.metadata (1.4 kB)
Collecting mlflow-skinny==2.21.3 (from mlflow)
  Using cached mlflow_skinny-2.21.3-py3-none-any.whl.metadata (31 kB)
Collecting Flask<4 (from mlflow)
  Using cached flask-3.1.0-py3-none-any.whl.metadata (2.7 kB)
Collecting Jinja2<4,>=2.11 (from mlflow)
  Using cached jinja2-3.1.6-py3-none-any.whl.metadata (2.9 kB)
Collecting alembic!=1.10.0,<2 (from mlflow)
  Using cached alembic-1.15.2-py3-none-any.whl.metadata (7.3 kB)
Collecting docker<8,>=4.0.0 (from mlflow)
  Using cached docker-7.1.0-py3-none-any.whl.metadata (3.8 kB)
Collecting graphene<4 (from mlflow)
  Using cached graphene-3.4.3-py2.py3-none-any.whl.metadata (6.9 kB)
Collecting gunicorn<24 (from mlflow)
  Using cached gunicorn-23.0.0-py3-none-any.whl.metadata (4.4 kB)
Collecting markdown<4,>=3.3 (from mlflow)
  Using cached markdown-3.8-py3-none-any.whl.metadata (5.1 kB)
Requirement already satisfied: matplotlib<4 in ./venv/lib/python3.13/site-packages (from mlflow) (3.10.1)
Requirement already satisfied: numpy<3 in ./venv/lib/python3.13/site-packages (from mlflow) (2.2.5)
Requirement already satisfied: pandas<3 in ./venv/lib/python3.13/site-packages (from mlflow) (2.2.3)
Collecting pyarrow<20,>=4.0.0 (from mlflow)
  Using cached pyarrow-19.0.1-cp313-cp313-manylinux_2_28_x86_64.whl.metadata (3.3 kB)
Requirement already satisfied: scikit-learn<2 in ./venv/lib/python3.13/site-packages (from mlflow) (1.6.1)
Requirement already satisfied: scipy<2 in ./venv/lib/python3.13/site-packages (from mlflow) (1.15.2)
Collecting sqlalchemy<3,>=1.4.0 (from mlflow)
  Using cached sqlalchemy-2.0.40-cp313-cp313-manylinux_2_17_x86_64.manylinux2014_x86_64.whl.metadata (9.6 kB)
Collecting cachetools<6,>=5.0.0 (from mlflow-skinny==2.21.3->mlflow)
  Using cached cachetools-5.5.2-py3-none-any.whl.metadata (5.4 kB)
Collecting click<9,>=7.0 (from mlflow-skinny==2.21.3->mlflow)
  Using cached click-8.1.8-py3-none-any.whl.metadata (2.3 kB)
Requirement already satisfied: cloudpickle<4 in ./venv/lib/python3.13/site-packages (from mlflow-skinny==2.21.3->mlflow) (3.1.1)
Collecting databricks-sdk<1,>=0.20.0 (from mlflow-skinny==2.21.3->mlflow)
  Using cached databricks_sdk-0.50.0-py3-none-any.whl.metadata (38 kB)
Collecting fastapi<1 (from mlflow-skinny==2.21.3->mlflow)
  Using cached fastapi-0.115.12-py3-none-any.whl.metadata (27 kB)
Collecting gitpython<4,>=3.1.9 (from mlflow-skinny==2.21.3->mlflow)
  Using cached GitPython-3.1.44-py3-none-any.whl.metadata (13 kB)
Collecting importlib_metadata!=4.7.0,<9,>=3.7.0 (from mlflow-skinny==2.21.3->mlflow)
  Using cached importlib_metadata-8.6.1-py3-none-any.whl.metadata (4.7 kB)
Collecting opentelemetry-api<3,>=1.9.0 (from mlflow-skinny==2.21.3->mlflow)
  Using cached opentelemetry_api-1.32.1-py3-none-any.whl.metadata (1.6 kB)
Collecting opentelemetry-sdk<3,>=1.9.0 (from mlflow-skinny==2.21.3->mlflow)
  Using cached opentelemetry_sdk-1.32.1-py3-none-any.whl.metadata (1.6 kB)
Collecting packaging>=19 (from dvc[gs,s3])
  Using cached packaging-24.2-py3-none-any.whl.metadata (3.2 kB)
Collecting protobuf<6,>=3.12.0 (from mlflow-skinny==2.21.3->mlflow)
  Using cached protobuf-5.29.4-cp38-abi3-manylinux2014_x86_64.whl.metadata (592 bytes)
Collecting pydantic<3,>=1.10.8 (from mlflow-skinny==2.21.3->mlflow)
  Using cached pydantic-2.11.3-py3-none-any.whl.metadata (65 kB)
Collecting pyyaml<7,>=5.1 (from mlflow-skinny==2.21.3->mlflow)
  Using cached PyYAML-6.0.2-cp313-cp313-manylinux_2_17_x86_64.manylinux2014_x86_64.whl.metadata (2.1 kB)
Collecting sqlparse<1,>=0.4.0 (from mlflow-skinny==2.21.3->mlflow)
  Using cached sqlparse-0.5.3-py3-none-any.whl.metadata (3.9 kB)
Requirement already satisfied: typing-extensions<5,>=4.0.0 in ./venv/lib/python3.13/site-packages (from mlflow-skinny==2.21.3->mlflow) (4.13.2)
Collecting uvicorn<1 (from mlflow-skinny==2.21.3->mlflow)
  Using cached uvicorn-0.34.2-py3-none-any.whl.metadata (6.5 kB)
Collecting Mako (from alembic!=1.10.0,<2->mlflow)
  Using cached mako-1.3.10-py3-none-any.whl.metadata (2.9 kB)
Collecting urllib3>=1.26.0 (from docker<8,>=4.0.0->mlflow)
  Using cached urllib3-2.4.0-py3-none-any.whl.metadata (6.5 kB)
Collecting dictdiffer>=0.8.1 (from dvc-data<3.17,>=3.16.2->dvc[gs,s3])
  Using cached dictdiffer-0.9.0-py2.py3-none-any.whl.metadata (4.8 kB)
Collecting diskcache>=5.2.1 (from dvc-data<3.17,>=3.16.2->dvc[gs,s3])
  Using cached diskcache-5.6.3-py3-none-any.whl.metadata (20 kB)
Collecting sqltrie<1,>=0.11.0 (from dvc-data<3.17,>=3.16.2->dvc[gs,s3])
  Using cached sqltrie-0.11.2-py3-none-any.whl.metadata (3.3 kB)
Collecting orjson<4,>=3 (from dvc-data<3.17,>=3.16.2->dvc[gs,s3])
  Using cached orjson-3.10.16-cp313-cp313-manylinux_2_17_x86_64.manylinux2014_x86_64.whl.metadata (41 kB)
Collecting gcsfs>=2022.11.0 (from dvc-gs<4,>=3->dvc[gs,s3])
  Using cached gcsfs-2025.3.2-py2.py3-none-any.whl.metadata (1.9 kB)
Collecting aiohttp-retry>=2.5.0 (from dvc-http>=2.29.0->dvc[gs,s3])
  Using cached aiohttp_retry-2.9.1-py3-none-any.whl.metadata (8.8 kB)
Collecting s3fs>=2023.6.0 (from dvc-s3<4,>=3.2.0->dvc[gs,s3])
  Using cached s3fs-2025.3.2-py3-none-any.whl.metadata (1.9 kB)
Collecting aiobotocore>=2.5.0 (from aiobotocore[boto3]>=2.5.0->dvc-s3<4,>=3.2.0->dvc[gs,s3])
  Using cached aiobotocore-2.21.1-py3-none-any.whl.metadata (24 kB)
Collecting billiard<5.0,>=4.2.1 (from celery->dvc[gs,s3])
  Using cached billiard-4.2.1-py3-none-any.whl.metadata (4.4 kB)
Collecting vine<6.0,>=5.1.0 (from celery->dvc[gs,s3])
  Using cached vine-5.1.0-py3-none-any.whl.metadata (2.7 kB)
Collecting click-didyoumean>=0.3.0 (from celery->dvc[gs,s3])
  Using cached click_didyoumean-0.3.1-py3-none-any.whl.metadata (3.9 kB)
Collecting click-repl>=0.2.0 (from celery->dvc[gs,s3])
  Using cached click_repl-0.3.0-py3-none-any.whl.metadata (3.6 kB)
Collecting click-plugins>=1.1.1 (from celery->dvc[gs,s3])
  Using cached click_plugins-1.1.1-py2.py3-none-any.whl.metadata (6.4 kB)
Requirement already satisfied: python-dateutil>=2.8.2 in ./venv/lib/python3.13/site-packages (from celery->dvc[gs,s3]) (2.9.0.post0)
Collecting Werkzeug>=3.1 (from Flask<4->mlflow)
  Using cached werkzeug-3.1.3-py3-none-any.whl.metadata (3.7 kB)
Collecting itsdangerous>=2.2 (from Flask<4->mlflow)
  Using cached itsdangerous-2.2.0-py3-none-any.whl.metadata (1.9 kB)
Collecting blinker>=1.9 (from Flask<4->mlflow)
  Using cached blinker-1.9.0-py3-none-any.whl.metadata (1.6 kB)
Requirement already satisfied: six<2.0,>=1.12 in ./venv/lib/python3.13/site-packages (from flatten_dict<1,>=0.4.1->dvc[gs,s3]) (1.17.0)
Collecting atpublic (from flufl.lock<9,>=8.1.0->dvc[gs,s3])
  Using cached atpublic-5.1-py3-none-any.whl.metadata (1.8 kB)
Collecting graphql-core<3.3,>=3.1 (from graphene<4->mlflow)
  Using cached graphql_core-3.2.6-py3-none-any.whl.metadata (11 kB)
Collecting graphql-relay<3.3,>=3.1 (from graphene<4->mlflow)
  Using cached graphql_relay-3.2.0-py3-none-any.whl.metadata (12 kB)
Collecting entrypoints (from gto<2,>=1.6.0->dvc[gs,s3])
  Using cached entrypoints-0.4-py3-none-any.whl.metadata (2.6 kB)
Collecting semver>=2.13.0 (from gto<2,>=1.6.0->dvc[gs,s3])
  Using cached semver-3.0.4-py3-none-any.whl.metadata (6.8 kB)
Collecting typer>=0.4.1 (from gto<2,>=1.6.0->dvc[gs,s3])
  Using cached typer-0.15.2-py3-none-any.whl.metadata (15 kB)
Collecting antlr4-python3-runtime==4.9.* (from hydra-core>=1.1->dvc[gs,s3])
  Using cached antlr4_python3_runtime-4.9.3-py3-none-any.whl
Collecting appdirs (from iterative-telemetry>=0.0.7->dvc[gs,s3])
  Using cached appdirs-1.4.4-py2.py3-none-any.whl.metadata (9.0 kB)
Collecting filelock (from iterative-telemetry>=0.0.7->dvc[gs,s3])
  Using cached filelock-3.18.0-py3-none-any.whl.metadata (2.9 kB)
Collecting MarkupSafe>=2.0 (from Jinja2<4,>=2.11->mlflow)
  Using cached MarkupSafe-3.0.2-cp313-cp313-manylinux_2_17_x86_64.manylinux2014_x86_64.whl.metadata (4.0 kB)
Collecting amqp<6.0.0,>=5.1.1 (from kombu->dvc[gs,s3])
  Using cached amqp-5.3.1-py3-none-any.whl.metadata (8.9 kB)
Requirement already satisfied: tzdata>=2025.2 in ./venv/lib/python3.13/site-packages (from kombu->dvc[gs,s3]) (2025.2)
Requirement already satisfied: contourpy>=1.0.1 in ./venv/lib/python3.13/site-packages (from matplotlib<4->mlflow) (1.3.2)
Requirement already satisfied: cycler>=0.10 in ./venv/lib/python3.13/site-packages (from matplotlib<4->mlflow) (0.12.1)
Requirement already satisfied: fonttools>=4.22.0 in ./venv/lib/python3.13/site-packages (from matplotlib<4->mlflow) (4.57.0)
Requirement already satisfied: kiwisolver>=1.3.1 in ./venv/lib/python3.13/site-packages (from matplotlib<4->mlflow) (1.4.8)
Requirement already satisfied: pillow>=8 in ./venv/lib/python3.13/site-packages (from matplotlib<4->mlflow) (11.2.1)
Requirement already satisfied: pytz>=2020.1 in ./venv/lib/python3.13/site-packages (from pandas<3->mlflow) (2025.2)
Collecting charset-normalizer<4,>=2 (from requests>=2.22->dvc[gs,s3])
  Using cached charset_normalizer-3.4.1-cp313-cp313-manylinux_2_17_x86_64.manylinux2014_x86_64.whl.metadata (35 kB)
Collecting idna<4,>=2.5 (from requests>=2.22->dvc[gs,s3])
  Using cached idna-3.10-py3-none-any.whl.metadata (10 kB)
Collecting certifi>=2017.4.17 (from requests>=2.22->dvc[gs,s3])
  Using cached certifi-2025.1.31-py3-none-any.whl.metadata (2.5 kB)
Collecting markdown-it-py>=2.2.0 (from rich>=12->dvc[gs,s3])
  Using cached markdown_it_py-3.0.0-py3-none-any.whl.metadata (6.9 kB)
Collecting pygments<3.0.0,>=2.13.0 (from rich>=12->dvc[gs,s3])
  Using cached pygments-2.19.1-py3-none-any.whl.metadata (2.5 kB)
Requirement already satisfied: joblib>=1.2.0 in ./venv/lib/python3.13/site-packages (from scikit-learn<2->mlflow) (1.4.2)
Requirement already satisfied: threadpoolctl>=3.1.0 in ./venv/lib/python3.13/site-packages (from scikit-learn<2->mlflow) (3.6.0)
Collecting pygit2>=1.14.0 (from scmrepo<4,>=3.3.8->dvc[gs,s3])
  Using cached pygit2-1.17.0-cp313-cp313-manylinux_2_17_x86_64.manylinux2014_x86_64.whl.metadata (3.3 kB)
Collecting asyncssh<3,>=2.13.1 (from scmrepo<4,>=3.3.8->dvc[gs,s3])
  Using cached asyncssh-2.20.0-py3-none-any.whl.metadata (9.9 kB)
Collecting greenlet>=1 (from sqlalchemy<3,>=1.4.0->mlflow)
  Using cached greenlet-3.2.1-cp313-cp313-manylinux_2_24_x86_64.manylinux_2_28_x86_64.whl.metadata (4.1 kB)
Collecting setuptools (from zc.lockfile>=1.2.1->dvc[gs,s3])
  Using cached setuptools-79.0.0-py3-none-any.whl.metadata (6.5 kB)
Collecting aiohttp<4.0.0,>=3.9.2 (from aiobotocore>=2.5.0->aiobotocore[boto3]>=2.5.0->dvc-s3<4,>=3.2.0->dvc[gs,s3])
  Using cached aiohttp-3.11.18-cp313-cp313-manylinux_2_17_x86_64.manylinux2014_x86_64.whl.metadata (7.7 kB)
Collecting aioitertools<1.0.0,>=0.5.1 (from aiobotocore>=2.5.0->aiobotocore[boto3]>=2.5.0->dvc-s3<4,>=3.2.0->dvc[gs,s3])
  Using cached aioitertools-0.12.0-py3-none-any.whl.metadata (3.8 kB)
Collecting botocore<1.37.2,>=1.37.0 (from aiobotocore>=2.5.0->aiobotocore[boto3]>=2.5.0->dvc-s3<4,>=3.2.0->dvc[gs,s3])
  Using cached botocore-1.37.1-py3-none-any.whl.metadata (5.7 kB)
Collecting jmespath<2.0.0,>=0.7.1 (from aiobotocore>=2.5.0->aiobotocore[boto3]>=2.5.0->dvc-s3<4,>=3.2.0->dvc[gs,s3])
  Using cached jmespath-1.0.1-py3-none-any.whl.metadata (7.6 kB)
Collecting multidict<7.0.0,>=6.0.0 (from aiobotocore>=2.5.0->aiobotocore[boto3]>=2.5.0->dvc-s3<4,>=3.2.0->dvc[gs,s3])
  Using cached multidict-6.4.3-cp313-cp313-manylinux_2_17_x86_64.manylinux2014_x86_64.whl.metadata (5.3 kB)
Collecting wrapt<2.0.0,>=1.10.10 (from aiobotocore>=2.5.0->aiobotocore[boto3]>=2.5.0->dvc-s3<4,>=3.2.0->dvc[gs,s3])
  Using cached wrapt-1.17.2-cp313-cp313-manylinux_2_5_x86_64.manylinux1_x86_64.manylinux_2_17_x86_64.manylinux2014_x86_64.whl.metadata (6.4 kB)
Collecting boto3<1.37.2,>=1.37.0 (from aiobotocore[boto3]>=2.5.0->dvc-s3<4,>=3.2.0->dvc[gs,s3])
  Using cached boto3-1.37.1-py3-none-any.whl.metadata (6.6 kB)
Collecting cryptography>=39.0 (from asyncssh<3,>=2.13.1->scmrepo<4,>=3.3.8->dvc[gs,s3])
  Using cached cryptography-44.0.2-cp39-abi3-manylinux_2_34_x86_64.whl.metadata (5.7 kB)
Collecting prompt-toolkit>=3.0.36 (from click-repl>=0.2.0->celery->dvc[gs,s3])
  Using cached prompt_toolkit-3.0.51-py3-none-any.whl.metadata (6.4 kB)
Collecting google-auth~=2.0 (from databricks-sdk<1,>=0.20.0->mlflow-skinny==2.21.3->mlflow)
  Using cached google_auth-2.39.0-py2.py3-none-any.whl.metadata (6.2 kB)
Collecting starlette<0.47.0,>=0.40.0 (from fastapi<1->mlflow-skinny==2.21.3->mlflow)
  Using cached starlette-0.46.2-py3-none-any.whl.metadata (6.2 kB)
Collecting decorator>4.1.2 (from gcsfs>=2022.11.0->dvc-gs<4,>=3->dvc[gs,s3])
  Using cached decorator-5.2.1-py3-none-any.whl.metadata (3.9 kB)
Collecting google-auth-oauthlib (from gcsfs>=2022.11.0->dvc-gs<4,>=3->dvc[gs,s3])
  Using cached google_auth_oauthlib-1.2.2-py3-none-any.whl.metadata (2.7 kB)
Collecting google-cloud-storage (from gcsfs>=2022.11.0->dvc-gs<4,>=3->dvc[gs,s3])
  Using cached google_cloud_storage-3.1.0-py2.py3-none-any.whl.metadata (12 kB)
Collecting gitdb<5,>=4.0.1 (from gitpython<4,>=3.1.9->mlflow-skinny==2.21.3->mlflow)
  Using cached gitdb-4.0.12-py3-none-any.whl.metadata (1.2 kB)
Collecting zipp>=3.20 (from importlib_metadata!=4.7.0,<9,>=3.7.0->mlflow-skinny==2.21.3->mlflow)
  Using cached zipp-3.21.0-py3-none-any.whl.metadata (3.7 kB)
Collecting mdurl~=0.1 (from markdown-it-py>=2.2.0->rich>=12->dvc[gs,s3])
  Using cached mdurl-0.1.2-py3-none-any.whl.metadata (1.6 kB)
Collecting deprecated>=1.2.6 (from opentelemetry-api<3,>=1.9.0->mlflow-skinny==2.21.3->mlflow)
  Using cached Deprecated-1.2.18-py2.py3-none-any.whl.metadata (5.7 kB)
Collecting opentelemetry-semantic-conventions==0.53b1 (from opentelemetry-sdk<3,>=1.9.0->mlflow-skinny==2.21.3->mlflow)
  Using cached opentelemetry_semantic_conventions-0.53b1-py3-none-any.whl.metadata (2.5 kB)
Collecting annotated-types>=0.6.0 (from pydantic<3,>=1.10.8->mlflow-skinny==2.21.3->mlflow)
  Using cached annotated_types-0.7.0-py3-none-any.whl.metadata (15 kB)
Collecting pydantic-core==2.33.1 (from pydantic<3,>=1.10.8->mlflow-skinny==2.21.3->mlflow)
  Using cached pydantic_core-2.33.1-cp313-cp313-manylinux_2_17_x86_64.manylinux2014_x86_64.whl.metadata (6.8 kB)
Collecting typing-inspection>=0.4.0 (from pydantic<3,>=1.10.8->mlflow-skinny==2.21.3->mlflow)
  Using cached typing_inspection-0.4.0-py3-none-any.whl.metadata (2.6 kB)
Collecting cffi>=1.17.0 (from pygit2>=1.14.0->scmrepo<4,>=3.3.8->dvc[gs,s3])
  Using cached cffi-1.17.1-cp313-cp313-manylinux_2_17_x86_64.manylinux2014_x86_64.whl.metadata (1.5 kB)
Collecting shellingham>=1.3.0 (from typer>=0.4.1->gto<2,>=1.6.0->dvc[gs,s3])
  Using cached shellingham-1.5.4-py2.py3-none-any.whl.metadata (3.5 kB)
Collecting h11>=0.8 (from uvicorn<1->mlflow-skinny==2.21.3->mlflow)
  Using cached h11-0.14.0-py3-none-any.whl.metadata (8.2 kB)
Collecting aiohappyeyeballs>=2.3.0 (from aiohttp<4.0.0,>=3.9.2->aiobotocore>=2.5.0->aiobotocore[boto3]>=2.5.0->dvc-s3<4,>=3.2.0->dvc[gs,s3])
  Using cached aiohappyeyeballs-2.6.1-py3-none-any.whl.metadata (5.9 kB)
Collecting aiosignal>=1.1.2 (from aiohttp<4.0.0,>=3.9.2->aiobotocore>=2.5.0->aiobotocore[boto3]>=2.5.0->dvc-s3<4,>=3.2.0->dvc[gs,s3])
  Using cached aiosignal-1.3.2-py2.py3-none-any.whl.metadata (3.8 kB)
Collecting frozenlist>=1.1.1 (from aiohttp<4.0.0,>=3.9.2->aiobotocore>=2.5.0->aiobotocore[boto3]>=2.5.0->dvc-s3<4,>=3.2.0->dvc[gs,s3])
  Using cached frozenlist-1.6.0-cp313-cp313-manylinux_2_5_x86_64.manylinux1_x86_64.manylinux_2_17_x86_64.manylinux2014_x86_64.whl.metadata (16 kB)
Collecting propcache>=0.2.0 (from aiohttp<4.0.0,>=3.9.2->aiobotocore>=2.5.0->aiobotocore[boto3]>=2.5.0->dvc-s3<4,>=3.2.0->dvc[gs,s3])
  Using cached propcache-0.3.1-cp313-cp313-manylinux_2_17_x86_64.manylinux2014_x86_64.whl.metadata (10 kB)
Collecting yarl<2.0,>=1.17.0 (from aiohttp<4.0.0,>=3.9.2->aiobotocore>=2.5.0->aiobotocore[boto3]>=2.5.0->dvc-s3<4,>=3.2.0->dvc[gs,s3])
  Using cached yarl-1.20.0-cp313-cp313-manylinux_2_17_x86_64.manylinux2014_x86_64.whl.metadata (72 kB)
Collecting s3transfer<0.12.0,>=0.11.0 (from boto3<1.37.2,>=1.37.0->aiobotocore[boto3]>=2.5.0->dvc-s3<4,>=3.2.0->dvc[gs,s3])
  Using cached s3transfer-0.11.5-py3-none-any.whl.metadata (1.7 kB)
Collecting pycparser (from cffi>=1.17.0->pygit2>=1.14.0->scmrepo<4,>=3.3.8->dvc[gs,s3])
  Using cached pycparser-2.22-py3-none-any.whl.metadata (943 bytes)
Collecting smmap<6,>=3.0.1 (from gitdb<5,>=4.0.1->gitpython<4,>=3.1.9->mlflow-skinny==2.21.3->mlflow)
  Using cached smmap-5.0.2-py3-none-any.whl.metadata (4.3 kB)
Collecting pyasn1-modules>=0.2.1 (from google-auth~=2.0->databricks-sdk<1,>=0.20.0->mlflow-skinny==2.21.3->mlflow)
  Using cached pyasn1_modules-0.4.2-py3-none-any.whl.metadata (3.5 kB)
Collecting rsa<5,>=3.1.4 (from google-auth~=2.0->databricks-sdk<1,>=0.20.0->mlflow-skinny==2.21.3->mlflow)
  Using cached rsa-4.9.1-py3-none-any.whl.metadata (5.6 kB)
Collecting wcwidth (from prompt-toolkit>=3.0.36->click-repl>=0.2.0->celery->dvc[gs,s3])
  Using cached wcwidth-0.2.13-py2.py3-none-any.whl.metadata (14 kB)
Collecting anyio<5,>=3.6.2 (from starlette<0.47.0,>=0.40.0->fastapi<1->mlflow-skinny==2.21.3->mlflow)
  Using cached anyio-4.9.0-py3-none-any.whl.metadata (4.7 kB)
Collecting requests-oauthlib>=0.7.0 (from google-auth-oauthlib->gcsfs>=2022.11.0->dvc-gs<4,>=3->dvc[gs,s3])
  Using cached requests_oauthlib-2.0.0-py2.py3-none-any.whl.metadata (11 kB)
Collecting google-api-core<3.0.0dev,>=2.15.0 (from google-cloud-storage->gcsfs>=2022.11.0->dvc-gs<4,>=3->dvc[gs,s3])
  Using cached google_api_core-2.25.0rc0-py3-none-any.whl.metadata (3.0 kB)
Collecting google-cloud-core<3.0dev,>=2.4.2 (from google-cloud-storage->gcsfs>=2022.11.0->dvc-gs<4,>=3->dvc[gs,s3])
  Using cached google_cloud_core-2.4.3-py2.py3-none-any.whl.metadata (2.7 kB)
Collecting google-resumable-media>=2.7.2 (from google-cloud-storage->gcsfs>=2022.11.0->dvc-gs<4,>=3->dvc[gs,s3])
  Using cached google_resumable_media-2.7.2-py2.py3-none-any.whl.metadata (2.2 kB)
Collecting google-crc32c<2.0dev,>=1.0 (from google-cloud-storage->gcsfs>=2022.11.0->dvc-gs<4,>=3->dvc[gs,s3])
  Using cached google_crc32c-1.7.1-cp313-cp313-manylinux_2_17_x86_64.manylinux2014_x86_64.whl.metadata (2.3 kB)
Collecting sniffio>=1.1 (from anyio<5,>=3.6.2->starlette<0.47.0,>=0.40.0->fastapi<1->mlflow-skinny==2.21.3->mlflow)
  Using cached sniffio-1.3.1-py3-none-any.whl.metadata (3.9 kB)
Collecting googleapis-common-protos<2.0.0,>=1.56.2 (from google-api-core<3.0.0dev,>=2.15.0->google-cloud-storage->gcsfs>=2022.11.0->dvc-gs<4,>=3->dvc[gs,s3])
  Using cached googleapis_common_protos-1.70.0-py3-none-any.whl.metadata (9.3 kB)
Collecting proto-plus<2.0.0,>=1.22.3 (from google-api-core<3.0.0dev,>=2.15.0->google-cloud-storage->gcsfs>=2022.11.0->dvc-gs<4,>=3->dvc[gs,s3])
  Using cached proto_plus-1.26.1-py3-none-any.whl.metadata (2.2 kB)
Collecting pyasn1<0.7.0,>=0.6.1 (from pyasn1-modules>=0.2.1->google-auth~=2.0->databricks-sdk<1,>=0.20.0->mlflow-skinny==2.21.3->mlflow)
  Using cached pyasn1-0.6.1-py3-none-any.whl.metadata (8.4 kB)
Collecting oauthlib>=3.0.0 (from requests-oauthlib>=0.7.0->google-auth-oauthlib->gcsfs>=2022.11.0->dvc-gs<4,>=3->dvc[gs,s3])
  Using cached oauthlib-3.2.2-py3-none-any.whl.metadata (7.5 kB)
INFO: pip is looking at multiple versions of s3transfer to determine which version is compatible with other requirements. This could take a while.
Collecting s3transfer<0.12.0,>=0.11.0 (from boto3<1.37.2,>=1.37.0->aiobotocore[boto3]>=2.5.0->dvc-s3<4,>=3.2.0->dvc[gs,s3])
  Using cached s3transfer-0.11.4-py3-none-any.whl.metadata (1.7 kB)
  Using cached s3transfer-0.11.3-py3-none-any.whl.metadata (1.7 kB)
Using cached mlflow-2.21.3-py3-none-any.whl (28.2 MB)
Using cached mlflow_skinny-2.21.3-py3-none-any.whl (6.1 MB)
Using cached alembic-1.15.2-py3-none-any.whl (231 kB)
Using cached attrs-25.3.0-py3-none-any.whl (63 kB)
Using cached colorama-0.4.6-py2.py3-none-any.whl (25 kB)
Using cached configobj-5.0.9-py2.py3-none-any.whl (35 kB)
Using cached distro-1.9.0-py3-none-any.whl (20 kB)
Using cached docker-7.1.0-py3-none-any.whl (147 kB)
Using cached dpath-2.2.0-py3-none-any.whl (17 kB)
Using cached dvc_data-3.16.9-py3-none-any.whl (77 kB)
Using cached dvc_gs-3.0.1-py3-none-any.whl (10 kB)
Using cached dvc_http-2.32.0-py3-none-any.whl (12 kB)
Using cached dvc_objects-5.1.0-py3-none-any.whl (33 kB)
Using cached dvc_render-1.0.2-py3-none-any.whl (22 kB)
Using cached dvc_s3-3.2.0-py3-none-any.whl (13 kB)
Using cached dvc_studio_client-0.21.0-py3-none-any.whl (16 kB)
Using cached dvc_task-0.40.2-py3-none-any.whl (21 kB)
Using cached celery-5.5.1-py3-none-any.whl (438 kB)
Using cached flask-3.1.0-py3-none-any.whl (102 kB)
Using cached flatten_dict-0.4.2-py2.py3-none-any.whl (9.7 kB)
Using cached flufl_lock-8.1.0-py3-none-any.whl (11 kB)
Using cached fsspec-2025.3.2-py3-none-any.whl (194 kB)
Using cached funcy-2.0-py2.py3-none-any.whl (30 kB)
Using cached grandalf-0.8-py3-none-any.whl (41 kB)
Using cached graphene-3.4.3-py2.py3-none-any.whl (114 kB)
Using cached gto-1.7.2-py3-none-any.whl (45 kB)
Using cached gunicorn-23.0.0-py3-none-any.whl (85 kB)
Using cached hydra_core-1.3.2-py3-none-any.whl (154 kB)
Using cached iterative_telemetry-0.0.10-py3-none-any.whl (10 kB)
Using cached jinja2-3.1.6-py3-none-any.whl (134 kB)
Using cached kombu-5.5.3-py3-none-any.whl (209 kB)
Using cached vine-5.1.0-py3-none-any.whl (9.6 kB)
Using cached markdown-3.8-py3-none-any.whl (106 kB)
Using cached networkx-3.4.2-py3-none-any.whl (1.7 MB)
Using cached omegaconf-2.3.0-py3-none-any.whl (79 kB)
Using cached packaging-24.2-py3-none-any.whl (65 kB)
Using cached pathspec-0.12.1-py3-none-any.whl (31 kB)
Using cached platformdirs-4.3.7-py3-none-any.whl (18 kB)
Using cached psutil-7.0.0-cp36-abi3-manylinux_2_12_x86_64.manylinux2010_x86_64.manylinux_2_17_x86_64.manylinux2014_x86_64.whl (277 kB)
Using cached pyarrow-19.0.1-cp313-cp313-manylinux_2_28_x86_64.whl (42.1 MB)
Using cached pydot-3.0.4-py3-none-any.whl (35 kB)
Using cached pygtrie-2.5.0-py3-none-any.whl (25 kB)
Using cached requests-2.32.3-py3-none-any.whl (64 kB)
Using cached rich-14.0.0-py3-none-any.whl (243 kB)
Using cached ruamel.yaml-0.18.10-py3-none-any.whl (117 kB)
Using cached scmrepo-3.3.10-py3-none-any.whl (73 kB)
Using cached dulwich-0.22.8-cp313-cp313-manylinux_2_17_x86_64.manylinux2014_x86_64.whl (999 kB)
Using cached shortuuid-1.0.13-py3-none-any.whl (10 kB)
Using cached shtab-1.7.2-py3-none-any.whl (14 kB)
Using cached sqlalchemy-2.0.40-cp313-cp313-manylinux_2_17_x86_64.manylinux2014_x86_64.whl (3.2 MB)
Using cached tabulate-0.9.0-py3-none-any.whl (35 kB)
Using cached tomlkit-0.13.2-py3-none-any.whl (37 kB)
Using cached voluptuous-0.15.2-py3-none-any.whl (31 kB)
Using cached zc.lockfile-3.0.post1-py3-none-any.whl (9.8 kB)
Using cached dvc-3.59.1-py3-none-any.whl (457 kB)
Using cached aiobotocore-2.21.1-py3-none-any.whl (78 kB)
Using cached aiohttp_retry-2.9.1-py3-none-any.whl (10.0 kB)
Using cached amqp-5.3.1-py3-none-any.whl (50 kB)
Using cached asyncssh-2.20.0-py3-none-any.whl (373 kB)
Using cached billiard-4.2.1-py3-none-any.whl (86 kB)
Using cached blinker-1.9.0-py3-none-any.whl (8.5 kB)
Using cached cachetools-5.5.2-py3-none-any.whl (10 kB)
Using cached certifi-2025.1.31-py3-none-any.whl (166 kB)
Using cached charset_normalizer-3.4.1-cp313-cp313-manylinux_2_17_x86_64.manylinux2014_x86_64.whl (144 kB)
Using cached click-8.1.8-py3-none-any.whl (98 kB)
Using cached click_didyoumean-0.3.1-py3-none-any.whl (3.6 kB)
Using cached click_plugins-1.1.1-py2.py3-none-any.whl (7.5 kB)
Using cached click_repl-0.3.0-py3-none-any.whl (10 kB)
Using cached databricks_sdk-0.50.0-py3-none-any.whl (692 kB)
Using cached dictdiffer-0.9.0-py2.py3-none-any.whl (16 kB)
Using cached diskcache-5.6.3-py3-none-any.whl (45 kB)
Using cached fastapi-0.115.12-py3-none-any.whl (95 kB)
Using cached gcsfs-2025.3.2-py2.py3-none-any.whl (36 kB)
Using cached GitPython-3.1.44-py3-none-any.whl (207 kB)
Using cached graphql_core-3.2.6-py3-none-any.whl (203 kB)
Using cached graphql_relay-3.2.0-py3-none-any.whl (16 kB)
Using cached greenlet-3.2.1-cp313-cp313-manylinux_2_24_x86_64.manylinux_2_28_x86_64.whl (606 kB)
Using cached idna-3.10-py3-none-any.whl (70 kB)
Using cached importlib_metadata-8.6.1-py3-none-any.whl (26 kB)
Using cached itsdangerous-2.2.0-py3-none-any.whl (16 kB)
Using cached markdown_it_py-3.0.0-py3-none-any.whl (87 kB)
Using cached MarkupSafe-3.0.2-cp313-cp313-manylinux_2_17_x86_64.manylinux2014_x86_64.whl (23 kB)
Using cached opentelemetry_api-1.32.1-py3-none-any.whl (65 kB)
Using cached opentelemetry_sdk-1.32.1-py3-none-any.whl (118 kB)
Using cached opentelemetry_semantic_conventions-0.53b1-py3-none-any.whl (188 kB)
Using cached orjson-3.10.16-cp313-cp313-manylinux_2_17_x86_64.manylinux2014_x86_64.whl (133 kB)
Using cached protobuf-5.29.4-cp38-abi3-manylinux2014_x86_64.whl (319 kB)
Using cached pydantic-2.11.3-py3-none-any.whl (443 kB)
Using cached pydantic_core-2.33.1-cp313-cp313-manylinux_2_17_x86_64.manylinux2014_x86_64.whl (2.0 MB)
Using cached pygit2-1.17.0-cp313-cp313-manylinux_2_17_x86_64.manylinux2014_x86_64.whl (5.5 MB)
Using cached pygments-2.19.1-py3-none-any.whl (1.2 MB)
Using cached PyYAML-6.0.2-cp313-cp313-manylinux_2_17_x86_64.manylinux2014_x86_64.whl (759 kB)
Using cached s3fs-2025.3.2-py3-none-any.whl (30 kB)
Using cached semver-3.0.4-py3-none-any.whl (17 kB)
Using cached sqlparse-0.5.3-py3-none-any.whl (44 kB)
Using cached sqltrie-0.11.2-py3-none-any.whl (17 kB)
Using cached typer-0.15.2-py3-none-any.whl (45 kB)
Using cached urllib3-2.4.0-py3-none-any.whl (128 kB)
Using cached uvicorn-0.34.2-py3-none-any.whl (62 kB)
Using cached werkzeug-3.1.3-py3-none-any.whl (224 kB)
Using cached appdirs-1.4.4-py2.py3-none-any.whl (9.6 kB)
Using cached atpublic-5.1-py3-none-any.whl (5.2 kB)
Using cached entrypoints-0.4-py3-none-any.whl (5.3 kB)
Using cached filelock-3.18.0-py3-none-any.whl (16 kB)
Using cached mako-1.3.10-py3-none-any.whl (78 kB)
Using cached setuptools-79.0.0-py3-none-any.whl (1.3 MB)
Using cached aiohttp-3.11.18-cp313-cp313-manylinux_2_17_x86_64.manylinux2014_x86_64.whl (1.7 MB)
Using cached aioitertools-0.12.0-py3-none-any.whl (24 kB)
Using cached annotated_types-0.7.0-py3-none-any.whl (13 kB)
Using cached boto3-1.37.1-py3-none-any.whl (139 kB)
Using cached botocore-1.37.1-py3-none-any.whl (13.4 MB)
Using cached cffi-1.17.1-cp313-cp313-manylinux_2_17_x86_64.manylinux2014_x86_64.whl (479 kB)
Using cached cryptography-44.0.2-cp39-abi3-manylinux_2_34_x86_64.whl (4.2 MB)
Using cached decorator-5.2.1-py3-none-any.whl (9.2 kB)
Using cached Deprecated-1.2.18-py2.py3-none-any.whl (10.0 kB)
Using cached gitdb-4.0.12-py3-none-any.whl (62 kB)
Using cached google_auth-2.39.0-py2.py3-none-any.whl (212 kB)
Using cached h11-0.14.0-py3-none-any.whl (58 kB)
Using cached jmespath-1.0.1-py3-none-any.whl (20 kB)
Using cached mdurl-0.1.2-py3-none-any.whl (10.0 kB)
Using cached multidict-6.4.3-cp313-cp313-manylinux_2_17_x86_64.manylinux2014_x86_64.whl (222 kB)
Using cached prompt_toolkit-3.0.51-py3-none-any.whl (387 kB)
Using cached shellingham-1.5.4-py2.py3-none-any.whl (9.8 kB)
Using cached starlette-0.46.2-py3-none-any.whl (72 kB)
Using cached typing_inspection-0.4.0-py3-none-any.whl (14 kB)
Using cached wrapt-1.17.2-cp313-cp313-manylinux_2_5_x86_64.manylinux1_x86_64.manylinux_2_17_x86_64.manylinux2014_x86_64.whl (89 kB)
Using cached zipp-3.21.0-py3-none-any.whl (9.6 kB)
Using cached google_auth_oauthlib-1.2.2-py3-none-any.whl (19 kB)
Using cached google_cloud_storage-3.1.0-py2.py3-none-any.whl (174 kB)
Using cached aiohappyeyeballs-2.6.1-py3-none-any.whl (15 kB)
Using cached aiosignal-1.3.2-py2.py3-none-any.whl (7.6 kB)
Using cached anyio-4.9.0-py3-none-any.whl (100 kB)
Using cached frozenlist-1.6.0-cp313-cp313-manylinux_2_5_x86_64.manylinux1_x86_64.manylinux_2_17_x86_64.manylinux2014_x86_64.whl (305 kB)
Using cached google_api_core-2.25.0rc0-py3-none-any.whl (160 kB)
Using cached google_cloud_core-2.4.3-py2.py3-none-any.whl (29 kB)
Using cached google_crc32c-1.7.1-cp313-cp313-manylinux_2_17_x86_64.manylinux2014_x86_64.whl (32 kB)
Using cached google_resumable_media-2.7.2-py2.py3-none-any.whl (81 kB)
Using cached propcache-0.3.1-cp313-cp313-manylinux_2_17_x86_64.manylinux2014_x86_64.whl (228 kB)
Using cached pyasn1_modules-0.4.2-py3-none-any.whl (181 kB)
Using cached requests_oauthlib-2.0.0-py2.py3-none-any.whl (24 kB)
Using cached rsa-4.9.1-py3-none-any.whl (34 kB)
Using cached s3transfer-0.11.3-py3-none-any.whl (84 kB)
Using cached smmap-5.0.2-py3-none-any.whl (24 kB)
Using cached yarl-1.20.0-cp313-cp313-manylinux_2_17_x86_64.manylinux2014_x86_64.whl (348 kB)
Using cached pycparser-2.22-py3-none-any.whl (117 kB)
Using cached wcwidth-0.2.13-py2.py3-none-any.whl (34 kB)
Using cached googleapis_common_protos-1.70.0-py3-none-any.whl (294 kB)
Using cached oauthlib-3.2.2-py3-none-any.whl (151 kB)
Using cached proto_plus-1.26.1-py3-none-any.whl (50 kB)
Using cached pyasn1-0.6.1-py3-none-any.whl (83 kB)
Using cached sniffio-1.3.1-py3-none-any.whl (10 kB)
Installing collected packages: wcwidth, pygtrie, funcy, dictdiffer, appdirs, antlr4-python3-runtime, zipp, wrapt, voluptuous, vine, urllib3, typing-inspection, tomlkit, tabulate, sqlparse, sniffio, smmap, shtab, shortuuid, shellingham, setuptools, semver, ruamel.yaml, pyyaml, pygments, pydot, pydantic-core, pycparser, pyasn1, pyarrow, psutil, protobuf, propcache, prompt-toolkit, platformdirs, pathspec, packaging, orjson, oauthlib, networkx, multidict, mdurl, MarkupSafe, markdown, jmespath, itsdangerous, idna, h11, greenlet, graphql-core, grandalf, google-crc32c, fsspec, frozenlist, flatten_dict, filelock, entrypoints, dvc-render, dpath, distro, diskcache, decorator, configobj, colorama, click, charset-normalizer, certifi, cachetools, blinker, billiard, attrs, atpublic, annotated-types, aioitertools, aiohappyeyeballs, zc.lockfile, yarl, Werkzeug, uvicorn, sqltrie, sqlalchemy, rsa, requests, pydantic, pyasn1-modules, proto-plus, omegaconf, markdown-it-py, Mako, Jinja2, importlib_metadata, gunicorn, graphql-relay, googleapis-common-protos, google-resumable-media, gitdb, flufl.lock, dvc-objects, dulwich, deprecated, click-repl, click-plugins, click-didyoumean, cffi, botocore, anyio, amqp, aiosignal, starlette, s3transfer, rich, requests-oauthlib, pygit2, opentelemetry-api, kombu, iterative-telemetry, hydra-core, graphene, google-auth, gitpython, Flask, dvc-studio-client, dvc-data, docker, cryptography, alembic, aiohttp, typer, opentelemetry-semantic-conventions, google-auth-oauthlib, google-api-core, fastapi, databricks-sdk, celery, boto3, asyncssh, aiohttp-retry, aiobotocore, scmrepo, s3fs, opentelemetry-sdk, google-cloud-core, dvc-task, dvc-http, mlflow-skinny, gto, google-cloud-storage, mlflow, gcsfs, dvc, dvc-s3, dvc-gs
  Attempting uninstall: packaging
    Found existing installation: packaging 25.0
    Uninstalling packaging-25.0:
      Successfully uninstalled packaging-25.0
Successfully installed Flask-3.1.0 Jinja2-3.1.6 Mako-1.3.10 MarkupSafe-3.0.2 Werkzeug-3.1.3 aiobotocore-2.21.1 aiohappyeyeballs-2.6.1 aiohttp-3.11.18 aiohttp-retry-2.9.1 aioitertools-0.12.0 aiosignal-1.3.2 alembic-1.15.2 amqp-5.3.1 annotated-types-0.7.0 antlr4-python3-runtime-4.9.3 anyio-4.9.0 appdirs-1.4.4 asyncssh-2.20.0 atpublic-5.1 attrs-25.3.0 billiard-4.2.1 blinker-1.9.0 boto3-1.37.1 botocore-1.37.1 cachetools-5.5.2 celery-5.5.1 certifi-2025.1.31 cffi-1.17.1 charset-normalizer-3.4.1 click-8.1.8 click-didyoumean-0.3.1 click-plugins-1.1.1 click-repl-0.3.0 colorama-0.4.6 configobj-5.0.9 cryptography-44.0.2 databricks-sdk-0.50.0 decorator-5.2.1 deprecated-1.2.18 dictdiffer-0.9.0 diskcache-5.6.3 distro-1.9.0 docker-7.1.0 dpath-2.2.0 dulwich-0.22.8 dvc-3.59.1 dvc-data-3.16.9 dvc-gs-3.0.1 dvc-http-2.32.0 dvc-objects-5.1.0 dvc-render-1.0.2 dvc-s3-3.2.0 dvc-studio-client-0.21.0 dvc-task-0.40.2 entrypoints-0.4 fastapi-0.115.12 filelock-3.18.0 flatten_dict-0.4.2 flufl.lock-8.1.0 frozenlist-1.6.0 fsspec-2025.3.2 funcy-2.0 gcsfs-2025.3.2 gitdb-4.0.12 gitpython-3.1.44 google-api-core-2.25.0rc0 google-auth-2.39.0 google-auth-oauthlib-1.2.2 google-cloud-core-2.4.3 google-cloud-storage-3.1.0 google-crc32c-1.7.1 google-resumable-media-2.7.2 googleapis-common-protos-1.70.0 grandalf-0.8 graphene-3.4.3 graphql-core-3.2.6 graphql-relay-3.2.0 greenlet-3.2.1 gto-1.7.2 gunicorn-23.0.0 h11-0.14.0 hydra-core-1.3.2 idna-3.10 importlib_metadata-8.6.1 iterative-telemetry-0.0.10 itsdangerous-2.2.0 jmespath-1.0.1 kombu-5.5.3 markdown-3.8 markdown-it-py-3.0.0 mdurl-0.1.2 mlflow-2.21.3 mlflow-skinny-2.21.3 multidict-6.4.3 networkx-3.4.2 oauthlib-3.2.2 omegaconf-2.3.0 opentelemetry-api-1.32.1 opentelemetry-sdk-1.32.1 opentelemetry-semantic-conventions-0.53b1 orjson-3.10.16 packaging-24.2 pathspec-0.12.1 platformdirs-4.3.7 prompt-toolkit-3.0.51 propcache-0.3.1 proto-plus-1.26.1 protobuf-5.29.4 psutil-7.0.0 pyarrow-19.0.1 pyasn1-0.6.1 pyasn1-modules-0.4.2 pycparser-2.22 pydantic-2.11.3 pydantic-core-2.33.1 pydot-3.0.4 pygit2-1.17.0 pygments-2.19.1 pygtrie-2.5.0 pyyaml-6.0.2 requests-2.32.3 requests-oauthlib-2.0.0 rich-14.0.0 rsa-4.9.1 ruamel.yaml-0.18.10 s3fs-2025.3.2 s3transfer-0.11.3 scmrepo-3.3.10 semver-3.0.4 setuptools-79.0.0 shellingham-1.5.4 shortuuid-1.0.13 shtab-1.7.2 smmap-5.0.2 sniffio-1.3.1 sqlalchemy-2.0.40 sqlparse-0.5.3 sqltrie-0.11.2 starlette-0.46.2 tabulate-0.9.0 tomlkit-0.13.2 typer-0.15.2 typing-inspection-0.4.0 urllib3-2.4.0 uvicorn-0.34.2 vine-5.1.0 voluptuous-0.15.2 wcwidth-0.2.13 wrapt-1.17.2 yarl-1.20.0 zc.lockfile-3.0.post1 zipp-3.21.0
Deseja instalar o Jupyter Notebook? (s/n): [1;32m[PASSO] Instalação do Jupyter ignorada.[0m

[1;34m================================================================================
        Gerando arquivo .env...
================================================================================[0m
.env criado com sucesso.

[1;34m================================================================================
        Executando o projeto...
================================================================================[0m
[1;34mExecutando: /home/sh1ft/Documentos/Study/Machine Learning/main.py[0m
[2911265, Main Thread] WARNING: Theme parsing error: gtk.css:6691:68: Invalid name of pseudo-class: 'glib warning', file /home/ubuntu/actions-runner/_work/desktop/desktop/engine/toolkit/xre/nsSigHandlers.cpp:201

(zen:2911265): Gtk-WARNING **: 18:10:42.914: Theme parsing error: gtk.css:6691:68: Invalid name of pseudo-class
[2911379, Main Thread] WARNING: Theme parsing error: gtk.css:6691:68: Invalid name of pseudo-class: 'glib warning', file /home/ubuntu/actions-runner/_work/desktop/desktop/engine/toolkit/xre/nsSigHandlers.cpp:201

(zen:2911379): Gtk-WARNING **: 18:10:43.242: Theme parsing error: gtk.css:6691:68: Invalid name of pseudo-class
[2911463, Main Thread] WARNING: Theme parsing error: gtk.css:6691:68: Invalid name of pseudo-class: 'glib warning', file /home/ubuntu/actions-runner/_work/desktop/desktop/engine/toolkit/xre/nsSigHandlers.cpp:201

(zen:2911463): Gtk-WARNING **: 18:10:43.518: Theme parsing error: gtk.css:6691:68: Invalid name of pseudo-class
Traceback (most recent call last):
  File "/home/sh1ft/Documentos/Study/Machine Learning/venv/lib/python3.13/site-packages/pandas/core/indexes/base.py", line 3805, in get_loc
    return self._engine.get_loc(casted_key)
           ~~~~~~~~~~~~~~~~~~~~^^^^^^^^^^^^
  File "index.pyx", line 167, in pandas._libs.index.IndexEngine.get_loc
  File "index.pyx", line 196, in pandas._libs.index.IndexEngine.get_loc
  File "pandas/_libs/hashtable_class_helper.pxi", line 7081, in pandas._libs.hashtable.PyObjectHashTable.get_item
  File "pandas/_libs/hashtable_class_helper.pxi", line 7089, in pandas._libs.hashtable.PyObjectHashTable.get_item
KeyError: 'id'

The above exception was the direct cause of the following exception:

Traceback (most recent call last):
  File "/home/sh1ft/Documentos/Study/Machine Learning/main.py", line 106, in <module>
    del df_cardio["id"]
        ~~~~~~~~~^^^^^^
  File "/home/sh1ft/Documentos/Study/Machine Learning/venv/lib/python3.13/site-packages/pandas/core/generic.py", line 4506, in __delitem__
    loc = self.axes[-1].get_loc(key)
  File "/home/sh1ft/Documentos/Study/Machine Learning/venv/lib/python3.13/site-packages/pandas/core/indexes/base.py", line 3812, in get_loc
    raise KeyError(key) from err
KeyError: 'id'
